2016-09-04 13:55:00,972 INFO   [Verify_Navigation] same 
2016-09-04 13:55:01,832 INFO   [Verify_Navigation] Platform page is displayed 
2016-09-04 13:55:23,197 INFO   [Verify_Navigation] Platform page is displayed 
2016-09-04 13:57:45,824 INFO   [Verify_Navigation] Approach_PageUrl is being displayed 
2016-09-04 13:57:46,613 INFO   [Verify_Navigation] Platform page is displayed 
2016-09-04 14:05:29,930 INFO   [Verify_Navigation] Approach Page is displayed 
2016-09-04 14:05:31,199 INFO   [Verify_Navigation] Platform page is displayed 
2016-09-04 14:06:24,797 INFO   [Verify_Navigation] Approach Page is displayed 
2016-09-04 14:06:25,571 INFO   [Verify_Navigation] Platform page is displayed 
2016-09-04 14:06:26,302 INFO   [Verify_Navigation] Solutions page is displayed 
2016-09-04 14:32:15,123 INFO   [Verify_Navigation] Approach Page is displayed 
2016-09-04 14:32:15,907 INFO   [Verify_Navigation] Platform page is displayed 
2016-09-04 14:32:17,191 INFO   [Verify_Navigation] Solutions page is displayed 
2016-09-04 14:32:17,975 INFO   [Verify_Navigation] People page is displayed 
2016-09-04 14:34:14,122 INFO   [Verify_Navigation] Approach Page is displayed 
2016-09-04 14:34:14,987 INFO   [Verify_Navigation] Platform page is displayed 
2016-09-04 14:34:15,721 INFO   [Verify_Navigation] Solutions page is displayed 
2016-09-04 14:34:16,567 INFO   [Verify_Navigation] People page is displayed 
2016-09-04 14:34:17,807 INFO   [Verify_Navigation] JoinUs page is displayed 
2016-09-04 14:39:41,654 INFO   [Verify_Navigation] Approach Page is displayed 
2016-09-04 14:39:43,772 INFO   [Verify_Navigation] Platform page is displayed 
2016-09-04 14:39:44,955 INFO   [Verify_Navigation] Solutions page is displayed 
2016-09-04 14:39:46,388 INFO   [Verify_Navigation] People page is displayed 
2016-09-04 14:39:47,709 INFO   [Verify_Navigation] JoinUs page is displayed 
2016-09-04 14:40:18,514 INFO   [Verify_Navigation] Approach Page is displayed 
2016-09-04 14:40:19,515 INFO   [Verify_Navigation] Platform page is displayed 
2016-09-04 14:40:20,345 INFO   [Verify_Navigation] Solutions page is displayed 
2016-09-04 14:40:21,431 INFO   [Verify_Navigation] People page is displayed 
2016-09-04 14:40:22,744 INFO   [Verify_Navigation] JoinUs page is displayed 
2016-09-04 16:49:54,304 INFO   [Verify_Navigation] Approach Page is displayed 
2016-09-04 16:49:55,886 INFO   [Verify_Navigation] Platform page is displayed 
2016-09-04 16:49:56,527 INFO   [Verify_Navigation] Solutions page is displayed 
2016-09-04 16:49:57,830 INFO   [Verify_Navigation] JoinUs page is displayed 
2016-09-04 16:49:57,846 INFO   [Verify_Navigation] Go back to home page 
2016-09-04 16:49:58,558 INFO   [Verify_Navigation] Contact Us page is displayed 
2016-09-04 16:57:18,713 INFO   [Verify_Navigation] Approach Page is displayed 
2016-09-04 16:57:19,479 INFO   [Verify_Navigation] Platform page is displayed 
2016-09-04 16:57:20,977 INFO   [Verify_Navigation] Solutions page is displayed 
2016-09-04 16:57:22,727 INFO   [Verify_Navigation] People page is displayed 
2016-09-04 16:57:23,883 INFO   [Verify_Navigation] JoinUs page is displayed 
2016-09-04 16:57:23,895 INFO   [Verify_Navigation] Go back to home page 
2016-09-04 16:57:24,665 INFO   [Verify_Navigation] Contact Us page is displayed 
2016-09-04 17:00:10,131 INFO   [Verify_Navigation] Approach Page is displayed 
2016-09-04 17:00:11,513 INFO   [Verify_Navigation] Platform page is displayed 
2016-09-04 17:00:12,162 INFO   [Verify_Navigation] Solutions page is displayed 
2016-09-04 17:00:13,612 INFO   [Verify_Navigation] JoinUs page is displayed 
2016-09-04 17:00:13,625 INFO   [Verify_Navigation] Go back to home page 
2016-09-04 17:00:14,383 INFO   [Verify_Navigation] Contact Us page is displayed 
2016-09-04 17:00:16,366 INFO   [Verify_Navigation] Blog page is displayed 
2016-09-04 17:04:36,329 INFO   [Verify_Navigation] Approach Page is displayed 
2016-09-04 17:04:37,103 INFO   [Verify_Navigation] Platform page is displayed 
2016-09-04 17:04:37,808 INFO   [Verify_Navigation] Solutions page is displayed 
2016-09-04 17:04:38,640 INFO   [Verify_Navigation] People page is displayed 
2016-09-04 17:04:39,845 INFO   [Verify_Navigation] JoinUs page is displayed 
2016-09-04 17:04:39,863 INFO   [Verify_Navigation] Go back to home page 
2016-09-04 17:04:40,898 INFO   [Verify_Navigation] Contact Us page is displayed 
2016-09-04 17:04:43,184 INFO   [Verify_Navigation] Blog page is displayed 
